[2020-04-17 21:00:58] :: Request:
VPSProtocol=3.00&TxType=PAYMENT&Vendor=chards1964&VendorTxCode=chards1964-PAYMENT-1587153658-542200616&Amount=79.00&Currency=GBP&Description=Shopping at chards.co.uk&NotificationURL=...&BillingSurname=...&BillingFirstnames=...&BillingAddress1=...&BillingCity=...&BillingPostCode=...&BillingCountry=...&DeliverySurname=...&DeliveryFirstnames=...&DeliveryAddress1=...&DeliveryCity=...&DeliveryPostCode=...&DeliveryCountry=...&StoreToken=...&CustomerName=...&CustomerEMail=...&VendorEMail=...&SendEMail=...&eMailMessage=...&BillingAddress2=...&BillingPhone=...&ApplyAVSCV2=...&Apply3DSecure=...&AllowGiftAid=...&BillingAgreement=...&DeliveryAddress2=...&DeliveryPhone=...&BasketXML=...&SurchargeXML=...&Profile=...&AccountType=...
[2020-04-17 21:00:58] :: Response:
{"VPSProtocol":"VPSProtocol=3.00","Status":"Status=INVALID","StatusDetail":"StatusDetail=4020 : Information received from an Invalid IP address.","VPSTxId":"VPSTxId={65B5C2D8-FAC6-7B45-BE8D-4DEFC6F65D5B}"}
[2020-04-17 21:03:07] :: Request:
VPSProtocol=3.00&TxType=PAYMENT&Vendor=chards1964&VendorTxCode=chards1964-PAYMENT-1587153787-339128892&Amount=79.00&Currency=GBP&Description=Shopping at chards.co.uk&NotificationURL=...&BillingSurname=...&BillingFirstnames=...&BillingAddress1=...&BillingCity=...&BillingPostCode=...&BillingCountry=...&DeliverySurname=...&DeliveryFirstnames=...&DeliveryAddress1=...&DeliveryCity=...&DeliveryPostCode=...&DeliveryCountry=...&StoreToken=...&CustomerName=...&CustomerEMail=...&VendorEMail=...&SendEMail=...&eMailMessage=...&BillingAddress2=...&BillingPhone=...&ApplyAVSCV2=...&Apply3DSecure=...&AllowGiftAid=...&BillingAgreement=...&DeliveryAddress2=...&DeliveryPhone=...&BasketXML=...&SurchargeXML=...&Profile=...&AccountType=...
[2020-04-17 21:03:07] :: Response:
{"VPSProtocol":"VPSProtocol=3.00","Status":"Status=INVALID","StatusDetail":"StatusDetail=4020 : Information received from an Invalid IP address.","VPSTxId":"VPSTxId={45CF3A5F-B7B7-58D2-842E-17F7B07BE61E}"}
[2020-04-17 21:04:22] :: Request:
VPSProtocol=3.00&TxType=PAYMENT&Vendor=chards1964&VendorTxCode=chards1964-PAYMENT-1587153862-923539316&Amount=79.00&Currency=GBP&Description=Shopping at chards.co.uk&NotificationURL=...&BillingSurname=...&BillingFirstnames=...&BillingAddress1=...&BillingCity=...&BillingPostCode=...&BillingCountry=...&DeliverySurname=...&DeliveryFirstnames=...&DeliveryAddress1=...&DeliveryCity=...&DeliveryPostCode=...&DeliveryCountry=...&StoreToken=...&CustomerName=...&CustomerEMail=...&VendorEMail=...&SendEMail=...&eMailMessage=...&BillingAddress2=...&BillingPhone=...&ApplyAVSCV2=...&Apply3DSecure=...&AllowGiftAid=...&BillingAgreement=...&DeliveryAddress2=...&DeliveryPhone=...&BasketXML=...&SurchargeXML=...&Profile=...&AccountType=...
[2020-04-17 21:04:22] :: Response:
{"VPSProtocol":"VPSProtocol=3.00","Status":"Status=OK","StatusDetail":"StatusDetail=2014 : The Transaction was Registered Successfully.","VPSTxId":"VPSTxId={7B462E45-EA75-4061-0AB7-1F0151CD37E8}","SecurityKey":"...","NextURL":"..."}
[2020-04-18 19:44:17] :: Request:
VPSProtocol=3.00&TxType=PAYMENT&Vendor=chards1964&VendorTxCode=chards1964-PAYMENT-1587235457-456735373&Amount=79.00&Currency=GBP&Description=Shopping at chards.co.uk&NotificationURL=...&BillingSurname=...&BillingFirstnames=...&BillingAddress1=...&BillingCity=...&BillingPostCode=...&BillingCountry=...&DeliverySurname=...&DeliveryFirstnames=...&DeliveryAddress1=...&DeliveryCity=...&DeliveryPostCode=...&DeliveryCountry=...&StoreToken=...&CustomerName=...&CustomerEMail=...&VendorEMail=...&SendEMail=...&eMailMessage=...&BillingAddress2=...&BillingPhone=...&ApplyAVSCV2=...&Apply3DSecure=...&AllowGiftAid=...&BillingAgreement=...&DeliveryAddress2=...&DeliveryPhone=...&BasketXML=...&SurchargeXML=...&Profile=...&AccountType=...
[2020-04-18 19:44:17] :: Response:
{"VPSProtocol":"VPSProtocol=3.00","Status":"Status=OK","StatusDetail":"StatusDetail=2014 : The Transaction was Registered Successfully.","VPSTxId":"VPSTxId={30956323-FE1B-248C-1EA3-118C847C143B}","SecurityKey":"...","NextURL":"..."}
[2020-04-18 20:15:34] :: Request:
VPSProtocol=3.00&TxType=PAYMENT&Vendor=chards1964&VendorTxCode=chards1964-PAYMENT-1587237334-78720018&Amount=79.00&Currency=GBP&Description=Shopping at chards.co.uk&NotificationURL=...&BillingSurname=...&BillingFirstnames=...&BillingAddress1=...&BillingCity=...&BillingPostCode=...&BillingCountry=...&DeliverySurname=...&DeliveryFirstnames=...&DeliveryAddress1=...&DeliveryCity=...&DeliveryPostCode=...&DeliveryCountry=...&StoreToken=...&CustomerName=...&CustomerEMail=...&VendorEMail=...&SendEMail=...&eMailMessage=...&BillingAddress2=...&BillingPhone=...&ApplyAVSCV2=...&Apply3DSecure=...&AllowGiftAid=...&BillingAgreement=...&DeliveryAddress2=...&DeliveryPhone=...&BasketXML=...&SurchargeXML=...&Profile=...&AccountType=...
[2020-04-18 20:15:34] :: Response:
{"VPSProtocol":"VPSProtocol=3.00","Status":"Status=OK","StatusDetail":"StatusDetail=2014 : The Transaction was Registered Successfully.","VPSTxId":"VPSTxId={2E454F44-AE7A-12CA-DB3C-7D8A78284D6C}","SecurityKey":"...","NextURL":"..."}
[2020-04-18 21:07:18] :: Request:
VPSProtocol=3.00&TxType=PAYMENT&Vendor=chards1964&VendorTxCode=chards1964-PAYMENT-1587240438-559499265&Amount=79.00&Currency=GBP&Description=Shopping at chards.co.uk&NotificationURL=...&BillingSurname=...&BillingFirstnames=...&BillingAddress1=...&BillingCity=...&BillingPostCode=...&BillingCountry=...&DeliverySurname=...&DeliveryFirstnames=...&DeliveryAddress1=...&DeliveryCity=...&DeliveryPostCode=...&DeliveryCountry=...&StoreToken=...&CustomerName=...&CustomerEMail=...&VendorEMail=...&SendEMail=...&eMailMessage=...&BillingAddress2=...&BillingPhone=...&ApplyAVSCV2=...&Apply3DSecure=...&AllowGiftAid=...&BillingAgreement=...&DeliveryAddress2=...&DeliveryPhone=...&BasketXML=...&SurchargeXML=...&Profile=...&AccountType=...
[2020-04-18 21:07:18] :: Response:
{"VPSProtocol":"VPSProtocol=3.00","Status":"Status=OK","StatusDetail":"StatusDetail=2014 : The Transaction was Registered Successfully.","VPSTxId":"VPSTxId={7327B099-A3EF-A4DD-B324-A4E43F516091}","SecurityKey":"...","NextURL":"..."}
[2020-04-18 22:14:51] :: Request:
VPSProtocol=3.00&TxType=PAYMENT&Vendor=chards1964&VendorTxCode=chards1964-PAYMENT-1587244491-87924642&Amount=79.00&Currency=GBP&Description=Shopping at chards.co.uk&NotificationURL=...&BillingSurname=...&BillingFirstnames=...&BillingAddress1=...&BillingCity=...&BillingPostCode=...&BillingCountry=...&DeliverySurname=...&DeliveryFirstnames=...&DeliveryAddress1=...&DeliveryCity=...&DeliveryPostCode=...&DeliveryCountry=...&StoreToken=...&CustomerName=...&CustomerEMail=...&VendorEMail=...&SendEMail=...&eMailMessage=...&BillingAddress2=...&BillingPhone=...&ApplyAVSCV2=...&Apply3DSecure=...&AllowGiftAid=...&BillingAgreement=...&DeliveryAddress2=...&DeliveryPhone=...&BasketXML=...&SurchargeXML=...&Profile=...&AccountType=...
[2020-04-18 22:14:51] :: Response:
{"VPSProtocol":"VPSProtocol=3.00","Status":"Status=OK","StatusDetail":"StatusDetail=2014 : The Transaction was Registered Successfully.","VPSTxId":"VPSTxId={F0DD6B21-A6C6-7023-3C59-BCDA0590726F}","SecurityKey":"...","NextURL":"..."}
[2020-04-18 23:02:31] :: Request:
VPSProtocol=3.00&TxType=PAYMENT&Vendor=chards1964&VendorTxCode=chards1964-PAYMENT-1587247350-5837942&Amount=79.00&Currency=GBP&Description=Shopping at chards.co.uk&NotificationURL=...&BillingSurname=...&BillingFirstnames=...&BillingAddress1=...&BillingCity=...&BillingPostCode=...&BillingCountry=...&DeliverySurname=...&DeliveryFirstnames=...&DeliveryAddress1=...&DeliveryCity=...&DeliveryPostCode=...&DeliveryCountry=...&StoreToken=...&CustomerName=...&CustomerEMail=...&VendorEMail=...&SendEMail=...&eMailMessage=...&BillingAddress2=...&BillingPhone=...&ApplyAVSCV2=...&Apply3DSecure=...&AllowGiftAid=...&BillingAgreement=...&DeliveryAddress2=...&DeliveryPhone=...&BasketXML=...&SurchargeXML=...&Profile=...&AccountType=...
[2020-04-18 23:02:31] :: Response:
{"VPSProtocol":"VPSProtocol=3.00","Status":"Status=OK","StatusDetail":"StatusDetail=2014 : The Transaction was Registered Successfully.","VPSTxId":"VPSTxId={D303BAB7-C9BB-8D51-FF00-8F9907EB5BEA}","SecurityKey":"...","NextURL":"..."}
[2020-04-18 23:04:27] :: Request:
VPSProtocol=3.00&TxType=PAYMENT&Vendor=chards1964&VendorTxCode=chards1964-PAYMENT-1587247466-495685678&Amount=79.00&Currency=GBP&Description=Shopping at chards.co.uk&NotificationURL=...&BillingSurname=...&BillingFirstnames=...&BillingAddress1=...&BillingCity=...&BillingPostCode=...&BillingCountry=...&DeliverySurname=...&DeliveryFirstnames=...&DeliveryAddress1=...&DeliveryCity=...&DeliveryPostCode=...&DeliveryCountry=...&StoreToken=...&CustomerName=...&CustomerEMail=...&VendorEMail=...&SendEMail=...&eMailMessage=...&BillingAddress2=...&BillingPhone=...&ApplyAVSCV2=...&Apply3DSecure=...&AllowGiftAid=...&BillingAgreement=...&DeliveryAddress2=...&DeliveryPhone=...&BasketXML=...&SurchargeXML=...&Profile=...&AccountType=...
[2020-04-18 23:04:27] :: Response:
{"VPSProtocol":"VPSProtocol=3.00","Status":"Status=OK","StatusDetail":"StatusDetail=2014 : The Transaction was Registered Successfully.","VPSTxId":"VPSTxId={812BE7C2-3802-072A-BE50-99B972B7E749}","SecurityKey":"...","NextURL":"..."}
[2020-04-18 23:10:52] :: Request:
VPSProtocol=3.00&TxType=PAYMENT&Vendor=chards1964&VendorTxCode=chards1964-PAYMENT-1587247851-74902014&Amount=79.00&Currency=GBP&Description=Shopping at chards.co.uk&NotificationURL=...&BillingSurname=...&BillingFirstnames=...&BillingAddress1=...&BillingCity=...&BillingPostCode=...&BillingCountry=...&DeliverySurname=...&DeliveryFirstnames=...&DeliveryAddress1=...&DeliveryCity=...&DeliveryPostCode=...&DeliveryCountry=...&StoreToken=...&CustomerName=...&CustomerEMail=...&VendorEMail=...&SendEMail=...&eMailMessage=...&BillingAddress2=...&BillingPhone=...&ApplyAVSCV2=...&Apply3DSecure=...&AllowGiftAid=...&BillingAgreement=...&DeliveryAddress2=...&DeliveryPhone=...&BasketXML=...&SurchargeXML=...&Profile=...&AccountType=...
[2020-04-18 23:10:52] :: Response:
{"VPSProtocol":"VPSProtocol=3.00","Status":"Status=OK","StatusDetail":"StatusDetail=2014 : The Transaction was Registered Successfully.","VPSTxId":"VPSTxId={22F13723-DBE4-0E6B-4787-567BA6BE8BBF}","SecurityKey":"...","NextURL":"..."}
[2020-04-18 23:33:23] :: Request:
VPSProtocol=3.00&TxType=PAYMENT&Vendor=chards1964&VendorTxCode=chards1964-PAYMENT-1587249202-473636018&Amount=79.00&Currency=GBP&Description=Shopping at chards.co.uk&NotificationURL=...&BillingSurname=...&BillingFirstnames=...&BillingAddress1=...&BillingCity=...&BillingPostCode=...&BillingCountry=...&DeliverySurname=...&DeliveryFirstnames=...&DeliveryAddress1=...&DeliveryCity=...&DeliveryPostCode=...&DeliveryCountry=...&StoreToken=...&CustomerName=...&CustomerEMail=...&VendorEMail=...&SendEMail=...&eMailMessage=...&BillingAddress2=...&BillingPhone=...&ApplyAVSCV2=...&Apply3DSecure=...&AllowGiftAid=...&BillingAgreement=...&DeliveryAddress2=...&DeliveryPhone=...&BasketXML=...&SurchargeXML=...&Profile=...&AccountType=...
[2020-04-18 23:33:23] :: Response:
{"VPSProtocol":"VPSProtocol=3.00","Status":"Status=OK","StatusDetail":"StatusDetail=2014 : The Transaction was Registered Successfully.","VPSTxId":"VPSTxId={92FB12FE-8D82-E63E-59C9-913E0FDFEE0A}","SecurityKey":"...","NextURL":"..."}
[2020-04-18 23:40:23] :: Request:
VPSProtocol=3.00&TxType=PAYMENT&Vendor=chards1964&VendorTxCode=chards1964-PAYMENT-1587249622-395531053&Amount=79.00&Currency=GBP&Description=Shopping at chards.co.uk&NotificationURL=...&BillingSurname=...&BillingFirstnames=...&BillingAddress1=...&BillingCity=...&BillingPostCode=...&BillingCountry=...&DeliverySurname=...&DeliveryFirstnames=...&DeliveryAddress1=...&DeliveryCity=...&DeliveryPostCode=...&DeliveryCountry=...&StoreToken=...&CustomerName=...&CustomerEMail=...&VendorEMail=...&SendEMail=...&eMailMessage=...&BillingAddress2=...&BillingPhone=...&ApplyAVSCV2=...&Apply3DSecure=...&AllowGiftAid=...&BillingAgreement=...&DeliveryAddress2=...&DeliveryPhone=...&BasketXML=...&SurchargeXML=...&Profile=...&AccountType=...
[2020-04-18 23:40:23] :: Response:
{"VPSProtocol":"VPSProtocol=3.00","Status":"Status=OK","StatusDetail":"StatusDetail=2014 : The Transaction was Registered Successfully.","VPSTxId":"VPSTxId={5666D918-F582-60DD-453B-483196155542}","SecurityKey":"...","NextURL":"..."}
[2020-04-18 23:41:52] :: Request:
VPSProtocol=3.00&TxType=PAYMENT&Vendor=chards1964&VendorTxCode=chards1964-PAYMENT-1587249712-176143449&Amount=79.00&Currency=GBP&Description=Shopping at chards.co.uk&NotificationURL=...&BillingSurname=...&BillingFirstnames=...&BillingAddress1=...&BillingCity=...&BillingPostCode=...&BillingCountry=...&DeliverySurname=...&DeliveryFirstnames=...&DeliveryAddress1=...&DeliveryCity=...&DeliveryPostCode=...&DeliveryCountry=...&StoreToken=...&CustomerName=...&CustomerEMail=...&VendorEMail=...&SendEMail=...&eMailMessage=...&BillingAddress2=...&BillingPhone=...&ApplyAVSCV2=...&Apply3DSecure=...&AllowGiftAid=...&BillingAgreement=...&DeliveryAddress2=...&DeliveryPhone=...&BasketXML=...&SurchargeXML=...&Profile=...&AccountType=...
[2020-04-18 23:41:52] :: Response:
{"VPSProtocol":"VPSProtocol=3.00","Status":"Status=OK","StatusDetail":"StatusDetail=2014 : The Transaction was Registered Successfully.","VPSTxId":"VPSTxId={EA832DA7-049C-D831-8CF3-A2880FF12877}","SecurityKey":"...","NextURL":"..."}
[2020-04-18 23:46:16] :: Request:
VPSProtocol=3.00&TxType=PAYMENT&Vendor=chards1964&VendorTxCode=chards1964-PAYMENT-1587249974-116042516&Amount=79.00&Currency=GBP&Description=Shopping at chards.co.uk&NotificationURL=...&BillingSurname=...&BillingFirstnames=...&BillingAddress1=...&BillingCity=...&BillingPostCode=...&BillingCountry=...&DeliverySurname=...&DeliveryFirstnames=...&DeliveryAddress1=...&DeliveryCity=...&DeliveryPostCode=...&DeliveryCountry=...&StoreToken=...&CustomerName=...&CustomerEMail=...&VendorEMail=...&SendEMail=...&eMailMessage=...&BillingAddress2=...&BillingPhone=...&ApplyAVSCV2=...&Apply3DSecure=...&AllowGiftAid=...&BillingAgreement=...&DeliveryAddress2=...&DeliveryPhone=...&BasketXML=...&SurchargeXML=...&Profile=...&AccountType=...
[2020-04-18 23:46:16] :: Response:
{"VPSProtocol":"VPSProtocol=3.00","Status":"Status=OK","StatusDetail":"StatusDetail=2014 : The Transaction was Registered Successfully.","VPSTxId":"VPSTxId={C457E88F-727D-267B-FCBE-F03827B5CB58}","SecurityKey":"...","NextURL":"..."}
[2020-04-18 23:49:58] :: Request:
VPSProtocol=3.00&TxType=PAYMENT&Vendor=chards1964&VendorTxCode=chards1964-PAYMENT-1587250198-118091737&Amount=79.00&Currency=GBP&Description=Shopping at chards.co.uk&NotificationURL=...&BillingSurname=...&BillingFirstnames=...&BillingAddress1=...&BillingCity=...&BillingPostCode=...&BillingCountry=...&DeliverySurname=...&DeliveryFirstnames=...&DeliveryAddress1=...&DeliveryCity=...&DeliveryPostCode=...&DeliveryCountry=...&StoreToken=...&CustomerName=...&CustomerEMail=...&VendorEMail=...&SendEMail=...&eMailMessage=...&BillingAddress2=...&BillingPhone=...&ApplyAVSCV2=...&Apply3DSecure=...&AllowGiftAid=...&BillingAgreement=...&DeliveryAddress2=...&DeliveryPhone=...&BasketXML=...&SurchargeXML=...&Profile=...&AccountType=...
[2020-04-18 23:49:58] :: Response:
{"VPSProtocol":"VPSProtocol=3.00","Status":"Status=OK","StatusDetail":"StatusDetail=2014 : The Transaction was Registered Successfully.","VPSTxId":"VPSTxId={6BD8CC21-046A-9908-2A8A-591CFF890CC1}","SecurityKey":"...","NextURL":"..."}
[2020-04-18 23:51:29] :: Request:
VPSProtocol=3.00&TxType=PAYMENT&Vendor=chards1964&VendorTxCode=chards1964-PAYMENT-1587250289-336552501&Amount=79.00&Currency=GBP&Description=Shopping at chards.co.uk&NotificationURL=...&BillingSurname=...&BillingFirstnames=...&BillingAddress1=...&BillingCity=...&BillingPostCode=...&BillingCountry=...&DeliverySurname=...&DeliveryFirstnames=...&DeliveryAddress1=...&DeliveryCity=...&DeliveryPostCode=...&DeliveryCountry=...&StoreToken=...&CustomerName=...&CustomerEMail=...&VendorEMail=...&SendEMail=...&eMailMessage=...&BillingAddress2=...&BillingPhone=...&ApplyAVSCV2=...&Apply3DSecure=...&AllowGiftAid=...&BillingAgreement=...&DeliveryAddress2=...&DeliveryPhone=...&BasketXML=...&SurchargeXML=...&Profile=...&AccountType=...
[2020-04-18 23:51:29] :: Response:
{"VPSProtocol":"VPSProtocol=3.00","Status":"Status=OK","StatusDetail":"StatusDetail=2014 : The Transaction was Registered Successfully.","VPSTxId":"VPSTxId={A0A7ADDC-7EA0-47F3-1175-7BADAC5B51EC}","SecurityKey":"...","NextURL":"..."}
[2020-04-18 23:53:51] :: Request:
VPSProtocol=3.00&TxType=PAYMENT&Vendor=chards1964&VendorTxCode=chards1964-PAYMENT-1587250431-565460708&Amount=79.00&Currency=GBP&Description=Shopping at chards.co.uk&NotificationURL=...&BillingSurname=...&BillingFirstnames=...&BillingAddress1=...&BillingCity=...&BillingPostCode=...&BillingCountry=...&DeliverySurname=...&DeliveryFirstnames=...&DeliveryAddress1=...&DeliveryCity=...&DeliveryPostCode=...&DeliveryCountry=...&StoreToken=...&CustomerName=...&CustomerEMail=...&VendorEMail=...&SendEMail=...&eMailMessage=...&BillingAddress2=...&BillingPhone=...&ApplyAVSCV2=...&Apply3DSecure=...&AllowGiftAid=...&BillingAgreement=...&DeliveryAddress2=...&DeliveryPhone=...&BasketXML=...&SurchargeXML=...&Profile=...&AccountType=...
[2020-04-18 23:53:51] :: Response:
{"VPSProtocol":"VPSProtocol=3.00","Status":"Status=OK","StatusDetail":"StatusDetail=2014 : The Transaction was Registered Successfully.","VPSTxId":"VPSTxId={6A453C2F-E697-1C97-42F1-CD95B0F6DAD4}","SecurityKey":"...","NextURL":"..."}
[2020-04-18 23:54:35] :: Request:
VPSProtocol=3.00&TxType=PAYMENT&Vendor=chards1964&VendorTxCode=chards1964-PAYMENT-1587250475-652589979&Amount=79.00&Currency=GBP&Description=Shopping at chards.co.uk&NotificationURL=...&BillingSurname=...&BillingFirstnames=...&BillingAddress1=...&BillingCity=...&BillingPostCode=...&BillingCountry=...&DeliverySurname=...&DeliveryFirstnames=...&DeliveryAddress1=...&DeliveryCity=...&DeliveryPostCode=...&DeliveryCountry=...&StoreToken=...&CustomerName=...&CustomerEMail=...&VendorEMail=...&SendEMail=...&eMailMessage=...&BillingAddress2=...&BillingPhone=...&ApplyAVSCV2=...&Apply3DSecure=...&AllowGiftAid=...&BillingAgreement=...&DeliveryAddress2=...&DeliveryPhone=...&BasketXML=...&SurchargeXML=...&Profile=...&AccountType=...
[2020-04-18 23:54:35] :: Response:
{"VPSProtocol":"VPSProtocol=3.00","Status":"Status=OK","StatusDetail":"StatusDetail=2014 : The Transaction was Registered Successfully.","VPSTxId":"VPSTxId={C778EE9E-3902-D6BA-5E1D-7E7465C8A960}","SecurityKey":"...","NextURL":"..."}
[2020-04-19 00:00:21] :: Request:
VPSProtocol=3.00&TxType=PAYMENT&Vendor=chards1964&VendorTxCode=chards1964-PAYMENT-1587250821-985248580&Amount=79.00&Currency=GBP&Description=Shopping at chards.co.uk&NotificationURL=...&BillingSurname=...&BillingFirstnames=...&BillingAddress1=...&BillingCity=...&BillingPostCode=...&BillingCountry=...&DeliverySurname=...&DeliveryFirstnames=...&DeliveryAddress1=...&DeliveryCity=...&DeliveryPostCode=...&DeliveryCountry=...&StoreToken=...&CustomerName=...&CustomerEMail=...&VendorEMail=...&SendEMail=...&eMailMessage=...&BillingAddress2=...&BillingPhone=...&ApplyAVSCV2=...&Apply3DSecure=...&AllowGiftAid=...&BillingAgreement=...&DeliveryAddress2=...&DeliveryPhone=...&BasketXML=...&SurchargeXML=...&Profile=...&AccountType=...
[2020-04-19 00:00:21] :: Response:
{"VPSProtocol":"VPSProtocol=3.00","Status":"Status=OK","StatusDetail":"StatusDetail=2014 : The Transaction was Registered Successfully.","VPSTxId":"VPSTxId={5AEA784A-00CF-BBEC-EF9D-1D57DE172102}","SecurityKey":"...","NextURL":"..."}
[2020-04-19 00:01:09] :: Request:
VPSProtocol=3.00&TxType=PAYMENT&Vendor=chards1964&VendorTxCode=chards1964-PAYMENT-1587250869-163017877&Amount=79.00&Currency=GBP&Description=Shopping at chards.co.uk&NotificationURL=...&BillingSurname=...&BillingFirstnames=...&BillingAddress1=...&BillingCity=...&BillingPostCode=...&BillingCountry=...&DeliverySurname=...&DeliveryFirstnames=...&DeliveryAddress1=...&DeliveryCity=...&DeliveryPostCode=...&DeliveryCountry=...&StoreToken=...&CustomerName=...&CustomerEMail=...&VendorEMail=...&SendEMail=...&eMailMessage=...&BillingAddress2=...&BillingPhone=...&ApplyAVSCV2=...&Apply3DSecure=...&AllowGiftAid=...&BillingAgreement=...&DeliveryAddress2=...&DeliveryPhone=...&BasketXML=...&SurchargeXML=...&Profile=...&AccountType=...
[2020-04-19 00:01:09] :: Response:
{"VPSProtocol":"VPSProtocol=3.00","Status":"Status=OK","StatusDetail":"StatusDetail=2014 : The Transaction was Registered Successfully.","VPSTxId":"VPSTxId={DF0EE810-B92A-25F0-2AFA-ADB0D2B5014A}","SecurityKey":"...","NextURL":"..."}
